2023-05-22 23:19:10 - werkzeug - INFO - [31m[1mWARNING: This is a development server. Do not use it in a production deployment. Use a production WSGI server instead.[0m
 * Running on http://127.0.0.1:5000
2023-05-22 23:19:10 - werkzeug - INFO - [33mPress CTRL+C to quit[0m
2023-05-22 23:19:10 - werkzeug - INFO -  * Restarting with stat
2023-05-22 23:19:10 - werkzeug - WARNING -  * Debugger is active!
2023-05-22 23:19:10 - werkzeug - INFO -  * Debugger PIN: 138-960-064
2023-05-22 23:19:30 - werkzeug - INFO -  * Detected change in '/home/vibhav/Desktop/Projects/WageScale/flaskr/web/routes.py', reloading
2023-05-22 23:19:30 - werkzeug - INFO -  * Restarting with stat
2023-05-22 23:19:30 - werkzeug - WARNING -  * Debugger is active!
2023-05-22 23:19:30 - werkzeug - INFO -  * Debugger PIN: 138-960-064
2023-05-22 23:19:32 - werkzeug - INFO -  * Detected change in '/home/vibhav/Desktop/Projects/WageScale/flaskr/web/routes.py', reloading
2023-05-22 23:19:32 - werkzeug - INFO -  * Restarting with stat
2023-05-22 23:19:36 - werkzeug - WARNING -  * Debugger is active!
2023-05-22 23:19:36 - werkzeug - INFO -  * Debugger PIN: 138-960-064
2023-05-22 23:19:44 - werkzeug - INFO - 127.0.0.1 - - [22/May/2023 23:19:44] "GET / HTTP/1.1" 200 -
2023-05-22 23:19:44 - werkzeug - INFO - 127.0.0.1 - - [22/May/2023 23:19:44] "GET /static/images/headerbg.jpg HTTP/1.1" 200 -
2023-05-22 23:19:44 - werkzeug - INFO - 127.0.0.1 - - [22/May/2023 23:19:44] "[36mGET /static/images/background1.jpg HTTP/1.1[0m" 304 -
2023-05-22 23:19:44 - werkzeug - INFO - 127.0.0.1 - - [22/May/2023 23:19:44] "GET /static/images/favicon1.ico HTTP/1.1" 200 -
2023-05-22 23:19:54 - urllib3.connectionpool - DEBUG - Starting new HTTPS connection (1): api.worldbank.org:443
2023-05-22 23:19:55 - urllib3.connectionpool - DEBUG - https://api.worldbank.org:443 "GET /v2/country/all/indicator/PA.NUS.PPP?format=json&per_page=1000&date=2019%3A2022 HTTP/1.1" 200 237340
2023-05-22 23:19:56 - urllib3.connectionpool - DEBUG - Starting new HTTPS connection (1): api.worldbank.org:443
2023-05-22 23:22:06 - urllib3.connectionpool - DEBUG - https://api.worldbank.org:443 "GET /v2/country/all/indicator/PA.NUS.PPP?format=json&per_page=1000&date=2019%3A2022&page=1 HTTP/1.1" 200 237340
2023-05-22 23:22:07 - urllib3.connectionpool - DEBUG - Starting new HTTPS connection (1): api.worldbank.org:443
2023-05-22 23:22:09 - urllib3.connectionpool - DEBUG - https://api.worldbank.org:443 "GET /v2/country/all/indicator/PA.NUS.PPP?format=json&per_page=1000&date=2019%3A2022&page=2 HTTP/1.1" 200 15208
2023-05-22 23:22:09 - werkzeug - INFO - 127.0.0.1 - - [22/May/2023 23:22:09] "GET /about HTTP/1.1" 200 -
2023-05-22 23:22:23 - werkzeug - INFO - 127.0.0.1 - - [22/May/2023 23:22:23] "GET /home HTTP/1.1" 200 -
2023-05-22 23:22:23 - werkzeug - INFO - 127.0.0.1 - - [22/May/2023 23:22:23] "GET /static/images/favicon1.ico HTTP/1.1" 200 -
2023-05-22 23:22:24 - urllib3.connectionpool - DEBUG - Starting new HTTPS connection (1): api.worldbank.org:443
2023-05-22 23:22:26 - urllib3.connectionpool - DEBUG - Starting new HTTPS connection (1): api.worldbank.org:443
2023-05-22 23:22:31 - urllib3.connectionpool - DEBUG - https://api.worldbank.org:443 "GET /v2/country/all/indicator/PA.NUS.PPP?format=json&per_page=1000&date=2019%3A2022 HTTP/1.1" 200 237340
2023-05-22 23:22:32 - urllib3.connectionpool - DEBUG - Starting new HTTPS connection (1): api.worldbank.org:443
2023-05-22 23:22:33 - urllib3.connectionpool - DEBUG - https://api.worldbank.org:443 "GET /v2/country/all/indicator/PA.NUS.PPP?format=json&per_page=1000&date=2019%3A2022&page=1 HTTP/1.1" 200 237340
2023-05-22 23:22:34 - urllib3.connectionpool - DEBUG - Starting new HTTPS connection (1): api.worldbank.org:443
2023-05-22 23:22:36 - urllib3.connectionpool - DEBUG - https://api.worldbank.org:443 "GET /v2/country/all/indicator/PA.NUS.PPP?format=json&per_page=1000&date=2019%3A2022&page=2 HTTP/1.1" 200 15208
2023-05-22 23:22:36 - werkzeug - INFO - 127.0.0.1 - - [22/May/2023 23:22:36] "GET /about HTTP/1.1" 200 -
2023-05-22 23:22:40 - urllib3.connectionpool - DEBUG - Starting new HTTPS connection (1): api.worldbank.org:443
2023-05-22 23:22:41 - urllib3.connectionpool - DEBUG - Starting new HTTPS connection (1): api.worldbank.org:443
2023-05-22 23:22:41 - urllib3.connectionpool - DEBUG - Starting new HTTPS connection (1): api.worldbank.org:443
2023-05-22 23:22:41 - urllib3.connectionpool - DEBUG - Starting new HTTPS connection (1): api.worldbank.org:443
2023-05-22 23:22:41 - urllib3.connectionpool - DEBUG - Starting new HTTPS connection (1): api.worldbank.org:443
2023-05-22 23:22:41 - urllib3.connectionpool - DEBUG - Starting new HTTPS connection (1): api.worldbank.org:443
2023-05-22 23:22:42 - urllib3.connectionpool - DEBUG - https://api.worldbank.org:443 "GET /v2/country/all/indicator/PA.NUS.PPP?format=json&per_page=1000&date=2019%3A2022 HTTP/1.1" 200 237340
2023-05-22 23:22:42 - urllib3.connectionpool - DEBUG - https://api.worldbank.org:443 "GET /v2/country/all/indicator/PA.NUS.PPP?format=json&per_page=1000&date=2019%3A2022 HTTP/1.1" 200 237340
2023-05-22 23:22:42 - urllib3.connectionpool - DEBUG - https://api.worldbank.org:443 "GET /v2/country/all/indicator/PA.NUS.PPP?format=json&per_page=1000&date=2019%3A2022 HTTP/1.1" 200 237340
2023-05-22 23:22:42 - urllib3.connectionpool - DEBUG - https://api.worldbank.org:443 "GET /v2/country/all/indicator/PA.NUS.PPP?format=json&per_page=1000&date=2019%3A2022 HTTP/1.1" 200 237340
2023-05-22 23:22:42 - urllib3.connectionpool - DEBUG - https://api.worldbank.org:443 "GET /v2/country/all/indicator/PA.NUS.PPP?format=json&per_page=1000&date=2019%3A2022 HTTP/1.1" 200 237340
2023-05-22 23:22:43 - urllib3.connectionpool - DEBUG - https://api.worldbank.org:443 "GET /v2/country/all/indicator/PA.NUS.PPP?format=json&per_page=1000&date=2019%3A2022 HTTP/1.1" 200 237340
2023-05-22 23:22:43 - urllib3.connectionpool - DEBUG - Starting new HTTPS connection (1): api.worldbank.org:443
2023-05-22 23:22:44 - urllib3.connectionpool - DEBUG - Starting new HTTPS connection (1): api.worldbank.org:443
2023-05-22 23:22:45 - urllib3.connectionpool - DEBUG - https://api.worldbank.org:443 "GET /v2/country/all/indicator/PA.NUS.PPP?format=json&per_page=1000&date=2019%3A2022&page=1 HTTP/1.1" 200 237340
2023-05-22 23:22:45 - urllib3.connectionpool - DEBUG - Starting new HTTPS connection (1): api.worldbank.org:443
2023-05-22 23:22:46 - urllib3.connectionpool - DEBUG - Starting new HTTPS connection (1): api.worldbank.org:443
2023-05-22 23:22:46 - urllib3.connectionpool - DEBUG - Starting new HTTPS connection (1): api.worldbank.org:443
2023-05-22 23:22:46 - urllib3.connectionpool - DEBUG - https://api.worldbank.org:443 "GET /v2/country/all/indicator/PA.NUS.PPP?format=json&per_page=1000&date=2019%3A2022&page=1 HTTP/1.1" 200 237340
2023-05-22 23:22:47 - urllib3.connectionpool - DEBUG - Starting new HTTPS connection (1): api.worldbank.org:443
2023-05-22 23:22:47 - urllib3.connectionpool - DEBUG - https://api.worldbank.org:443 "GET /v2/country/all/indicator/PA.NUS.PPP?format=json&per_page=1000&date=2019%3A2022&page=2 HTTP/1.1" 200 15208
2023-05-22 23:22:47 - werkzeug - INFO - 127.0.0.1 - - [22/May/2023 23:22:47] "GET /about HTTP/1.1" 200 -
2023-05-22 23:22:47 - urllib3.connectionpool - DEBUG - https://api.worldbank.org:443 "GET /v2/country/all/indicator/PA.NUS.PPP?format=json&per_page=1000&date=2019%3A2022&page=1 HTTP/1.1" 200 237340
2023-05-22 23:22:48 - urllib3.connectionpool - DEBUG - Starting new HTTPS connection (1): api.worldbank.org:443
2023-05-22 23:22:48 - urllib3.connectionpool - DEBUG - https://api.worldbank.org:443 "GET /v2/country/all/indicator/PA.NUS.PPP?format=json&per_page=1000&date=2019%3A2022&page=1 HTTP/1.1" 200 237340
2023-05-22 23:22:49 - urllib3.connectionpool - DEBUG - Starting new HTTPS connection (1): api.worldbank.org:443
2023-05-22 23:22:49 - urllib3.connectionpool - DEBUG - https://api.worldbank.org:443 "GET /v2/country/all/indicator/PA.NUS.PPP?format=json&per_page=1000&date=2019%3A2022&page=1 HTTP/1.1" 200 237340
2023-05-22 23:22:50 - urllib3.connectionpool - DEBUG - Starting new HTTPS connection (1): api.worldbank.org:443
2023-05-22 23:22:50 - urllib3.connectionpool - DEBUG - https://api.worldbank.org:443 "GET /v2/country/all/indicator/PA.NUS.PPP?format=json&per_page=1000&date=2019%3A2022&page=2 HTTP/1.1" 200 15208
2023-05-22 23:22:50 - werkzeug - INFO - 127.0.0.1 - - [22/May/2023 23:22:50] "GET /about HTTP/1.1" 200 -
2023-05-22 23:22:51 - urllib3.connectionpool - DEBUG - Starting new HTTPS connection (1): api.worldbank.org:443
2023-05-22 23:22:51 - urllib3.connectionpool - DEBUG - https://api.worldbank.org:443 "GET /v2/country/all/indicator/PA.NUS.PPP?format=json&per_page=1000&date=2019%3A2022&page=2 HTTP/1.1" 200 15208
2023-05-22 23:22:51 - urllib3.connectionpool - DEBUG - https://api.worldbank.org:443 "GET /v2/country/all/indicator/PA.NUS.PPP?format=json&per_page=1000&date=2019%3A2022&page=1 HTTP/1.1" 200 237340
2023-05-22 23:22:51 - werkzeug - INFO - 127.0.0.1 - - [22/May/2023 23:22:51] "GET /about HTTP/1.1" 200 -
2023-05-22 23:22:52 - urllib3.connectionpool - DEBUG - https://api.worldbank.org:443 "GET /v2/country/all/indicator/PA.NUS.PPP?format=json&per_page=1000&date=2019%3A2022&page=2 HTTP/1.1" 200 15208
2023-05-22 23:22:52 - urllib3.connectionpool - DEBUG - Starting new HTTPS connection (1): api.worldbank.org:443
2023-05-22 23:22:52 - werkzeug - INFO - 127.0.0.1 - - [22/May/2023 23:22:52] "GET /about HTTP/1.1" 200 -
2023-05-22 23:22:54 - urllib3.connectionpool - DEBUG - https://api.worldbank.org:443 "GET /v2/country/all/indicator/PA.NUS.PPP?format=json&per_page=1000&date=2019%3A2022&page=2 HTTP/1.1" 200 15208
2023-05-22 23:22:54 - werkzeug - INFO - 127.0.0.1 - - [22/May/2023 23:22:54] "GET /about HTTP/1.1" 200 -
2023-05-22 23:22:55 - urllib3.connectionpool - DEBUG - Starting new HTTPS connection (1): api.worldbank.org:443
2023-05-22 23:22:57 - urllib3.connectionpool - DEBUG - https://api.worldbank.org:443 "GET /v2/country/all/indicator/PA.NUS.PPP?format=json&per_page=1000&date=2019%3A2022&page=2 HTTP/1.1" 200 15208
2023-05-22 23:22:57 - werkzeug - INFO - 127.0.0.1 - - [22/May/2023 23:22:57] "GET /about HTTP/1.1" 200 -
2023-05-22 23:24:40 - urllib3.connectionpool - DEBUG - https://api.worldbank.org:443 "GET /v2/country/all/indicator/PA.NUS.PPP?format=json&per_page=1000&date=2019%3A2022 HTTP/1.1" 200 237340
2023-05-22 23:24:43 - urllib3.connectionpool - DEBUG - Starting new HTTPS connection (1): api.worldbank.org:443
2023-05-22 23:24:45 - urllib3.connectionpool - DEBUG - https://api.worldbank.org:443 "GET /v2/country/all/indicator/PA.NUS.PPP?format=json&per_page=1000&date=2019%3A2022&page=1 HTTP/1.1" 200 237340
2023-05-22 23:24:46 - urllib3.connectionpool - DEBUG - Starting new HTTPS connection (1): api.worldbank.org:443
2023-05-22 23:24:48 - urllib3.connectionpool - DEBUG - https://api.worldbank.org:443 "GET /v2/country/all/indicator/PA.NUS.PPP?format=json&per_page=1000&date=2019%3A2022&page=2 HTTP/1.1" 200 15208
2023-05-22 23:24:48 - werkzeug - INFO - 127.0.0.1 - - [22/May/2023 23:24:48] "GET /about HTTP/1.1" 200 -
2023-05-22 23:24:59 - werkzeug - INFO -  * Detected change in '/home/vibhav/Desktop/Projects/WageScale/flaskr/web/routes.py', reloading
2023-05-22 23:24:59 - werkzeug - INFO -  * Restarting with stat
2023-05-22 23:25:00 - werkzeug - WARNING -  * Debugger is active!
2023-05-22 23:25:00 - werkzeug - INFO -  * Debugger PIN: 138-960-064
2023-05-22 23:25:21 - werkzeug - INFO -  * Detected change in '/home/vibhav/Desktop/Projects/WageScale/flaskr/api/services.py', reloading
2023-05-22 23:25:21 - werkzeug - INFO -  * Restarting with stat
2023-05-22 23:25:21 - werkzeug - WARNING -  * Debugger is active!
2023-05-22 23:25:21 - werkzeug - INFO -  * Debugger PIN: 138-960-064
2023-05-22 23:25:22 - werkzeug - INFO -  * Detected change in '/home/vibhav/Desktop/Projects/WageScale/flaskr/api/services.py', reloading
2023-05-22 23:25:22 - werkzeug - INFO -  * Restarting with stat
2023-05-22 23:25:22 - werkzeug - WARNING -  * Debugger is active!
2023-05-22 23:25:22 - werkzeug - INFO -  * Debugger PIN: 138-960-064
2023-05-22 23:49:53 - werkzeug - INFO -  * Detected change in '/home/vibhav/Desktop/Projects/WageScale/flaskr/api/services.py', reloading
2023-05-22 23:49:53 - werkzeug - INFO -  * Restarting with stat
2023-05-22 23:49:59 - werkzeug - INFO -  * Restarting with stat
2023-05-22 23:50:03 - werkzeug - INFO -  * Restarting with stat
2023-05-22 23:50:04 - werkzeug - WARNING -  * Debugger is active!
2023-05-22 23:50:04 - werkzeug - INFO -  * Debugger PIN: 138-960-064
2023-05-22 23:50:11 - werkzeug - INFO -  * Detected change in '/home/vibhav/Desktop/Projects/WageScale/flaskr/api/services.py', reloading
2023-05-22 23:50:11 - werkzeug - INFO -  * Restarting with stat
