[2023-06-14 02:07:58,010: INFO/MainProcess] Connected to amqp://guest:**@127.0.0.1:5672//
[2023-06-14 02:07:58,017: INFO/MainProcess] mingle: searching for neighbors
[2023-06-14 02:07:59,261: INFO/MainProcess] mingle: all alone
[2023-06-14 02:07:59,292: INFO/MainProcess] celery@Thunder-Drive ready.
[2023-06-14 02:09:17,683: INFO/MainProcess] Task flaskr.tasks.work_PPP_gen[34a4af49-72ba-4a20-89b3-92d67038a48b] received
[2023-06-14 02:09:17,692: INFO/ForkPoolWorker-7] Fetching the PPP data from World Bank API: Started
[2023-06-14 02:09:17,692: INFO/ForkPoolWorker-7] Started Requesting the data from World Bank API Endpoint
[2023-06-14 02:09:22,082: INFO/ForkPoolWorker-7] Data fetched successfully from World Bank API
[2023-06-14 02:09:22,550: INFO/ForkPoolWorker-7] Data parsed and filtered into a DataFrame
[2023-06-14 02:09:22,708: DEBUG/ForkPoolWorker-7] Top 10 data from the fetched PPP data = 
 index             Country  Date      Value
   197         Afghanistan  2021  18.456537
   201             Albania  2021  42.501873
   205             Algeria  2021  41.100028
   217              Angola  2021 204.060575
   221 Antigua and Barbuda  2021   2.028070
   225           Argentina  2021  42.720786
   229             Armenia  2021 160.460639
   233               Aruba  2021   1.230079
   236           Australia  2022   1.446332
   240             Austria  2022   0.718930
[2023-06-14 02:09:22,708: INFO/ForkPoolWorker-7] PPP data fetched, parsed and saved in data directory
[2023-06-14 02:09:22,711: INFO/ForkPoolWorker-7] Task flaskr.tasks.work_PPP_gen[34a4af49-72ba-4a20-89b3-92d67038a48b] succeeded in 5.026079740000569s: None
