[2023-06-15 00:17:14,777: INFO/MainProcess] Connected to amqp://guest:**@127.0.0.1:5672//
[2023-06-15 00:17:14,781: INFO/MainProcess] mingle: searching for neighbors
[2023-06-15 00:17:15,998: INFO/MainProcess] mingle: all alone
[2023-06-15 00:17:16,032: INFO/MainProcess] celery@Thunder-Drive ready.
[2023-06-15 00:31:03,822: INFO/MainProcess] Task flaskr.tasks.work_PPP_gen[feaeb074-fb98-4e74-8836-1f0c886f85b7] received
[2023-06-15 00:31:03,834: INFO/ForkPoolWorker-7] Fetching the PPP data from World Bank API: Started
[2023-06-15 00:31:03,835: INFO/ForkPoolWorker-7] Started Requesting the data from World Bank API Endpoint
[2023-06-15 00:31:07,715: INFO/ForkPoolWorker-7] Data fetched successfully from World Bank API
[2023-06-15 00:31:08,006: INFO/ForkPoolWorker-7] Data parsed and filtered into a DataFrame
[2023-06-15 00:31:08,034: DEBUG/ForkPoolWorker-7] Top 10 data from the fetched PPP data = 
 index             Country  Date      Value
   197         Afghanistan  2021  18.456537
   201             Albania  2021  42.501873
   205             Algeria  2021  41.100028
   217              Angola  2021 204.060575
   221 Antigua and Barbuda  2021   2.028070
   225           Argentina  2021  42.720786
   229             Armenia  2021 160.460639
   233               Aruba  2021   1.230079
   236           Australia  2022   1.446332
   240             Austria  2022   0.718930
[2023-06-15 00:31:08,034: INFO/ForkPoolWorker-7] PPP data fetched, parsed and saved in data directory
[2023-06-15 00:31:08,036: INFO/ForkPoolWorker-7] Task flaskr.tasks.work_PPP_gen[feaeb074-fb98-4e74-8836-1f0c886f85b7] succeeded in 4.212247781004407s: None
[2023-06-15 00:34:49,434: INFO/MainProcess] Task flaskr.tasks.work_PPP_gen[6adb0c05-2f29-4c4d-bbf2-69a43b5591e9] received
[2023-06-15 00:34:49,436: INFO/ForkPoolWorker-7] Fetching the PPP data from World Bank API: Started
[2023-06-15 00:34:49,436: INFO/ForkPoolWorker-7] Started Requesting the data from World Bank API Endpoint
[2023-06-15 00:37:03,034: INFO/ForkPoolWorker-7] Data fetched successfully from World Bank API
[2023-06-15 00:37:03,054: INFO/ForkPoolWorker-7] Data parsed and filtered into a DataFrame
[2023-06-15 00:37:03,058: DEBUG/ForkPoolWorker-7] Top 10 data from the fetched PPP data = 
 index             Country  Date      Value
   197         Afghanistan  2021  18.456537
   201             Albania  2021  42.501873
   205             Algeria  2021  41.100028
   217              Angola  2021 204.060575
   221 Antigua and Barbuda  2021   2.028070
   225           Argentina  2021  42.720786
   229             Armenia  2021 160.460639
   233               Aruba  2021   1.230079
   236           Australia  2022   1.446332
   240             Austria  2022   0.718930
[2023-06-15 00:37:03,058: INFO/ForkPoolWorker-7] PPP data fetched, parsed and saved in data directory
[2023-06-15 00:37:03,059: INFO/ForkPoolWorker-7] Task flaskr.tasks.work_PPP_gen[6adb0c05-2f29-4c4d-bbf2-69a43b5591e9] succeeded in 133.62354103500547s: None
[2023-06-15 00:37:23,245: INFO/MainProcess] Task flaskr.tasks.work_PPP_gen[b567f645-190e-40ea-96d6-7dd3a02eee4b] received
[2023-06-15 00:37:23,246: INFO/ForkPoolWorker-7] Fetching the PPP data from World Bank API: Started
[2023-06-15 00:37:23,246: INFO/ForkPoolWorker-7] Started Requesting the data from World Bank API Endpoint
[2023-06-15 00:37:25,480: INFO/ForkPoolWorker-7] Data fetched successfully from World Bank API
[2023-06-15 00:37:25,512: INFO/ForkPoolWorker-7] Data parsed and filtered into a DataFrame
[2023-06-15 00:37:25,516: DEBUG/ForkPoolWorker-7] Top 10 data from the fetched PPP data = 
 index             Country  Date      Value
   197         Afghanistan  2021  18.456537
   201             Albania  2021  42.501873
   205             Algeria  2021  41.100028
   217              Angola  2021 204.060575
   221 Antigua and Barbuda  2021   2.028070
   225           Argentina  2021  42.720786
   229             Armenia  2021 160.460639
   233               Aruba  2021   1.230079
   236           Australia  2022   1.446332
   240             Austria  2022   0.718930
[2023-06-15 00:37:25,516: INFO/ForkPoolWorker-7] PPP data fetched, parsed and saved in data directory
[2023-06-15 00:37:25,517: INFO/ForkPoolWorker-7] Task flaskr.tasks.work_PPP_gen[b567f645-190e-40ea-96d6-7dd3a02eee4b] succeeded in 2.2714217159955297s: None
[2023-06-15 00:45:45,367: INFO/MainProcess] Task flaskr.tasks.work_PPP_gen[68c6a221-ee15-4bcf-95cc-e5e792c2d6f3] received
[2023-06-15 00:45:45,369: INFO/ForkPoolWorker-7] Fetching the PPP data from World Bank API: Started
[2023-06-15 00:45:45,369: INFO/ForkPoolWorker-7] Started Requesting the data from World Bank API Endpoint
[2023-06-15 00:47:58,791: INFO/ForkPoolWorker-7] Data fetched successfully from World Bank API
[2023-06-15 00:47:58,823: INFO/ForkPoolWorker-7] Data parsed and filtered into a DataFrame
[2023-06-15 00:47:58,826: DEBUG/ForkPoolWorker-7] Top 10 data from the fetched PPP data = 
 index             Country  Date      Value
   197         Afghanistan  2021  18.456537
   201             Albania  2021  42.501873
   205             Algeria  2021  41.100028
   217              Angola  2021 204.060575
   221 Antigua and Barbuda  2021   2.028070
   225           Argentina  2021  42.720786
   229             Armenia  2021 160.460639
   233               Aruba  2021   1.230079
   236           Australia  2022   1.446332
   240             Austria  2022   0.718930
[2023-06-15 00:47:58,826: INFO/ForkPoolWorker-7] PPP data fetched, parsed and saved in data directory
[2023-06-15 00:47:58,827: INFO/ForkPoolWorker-7] Task flaskr.tasks.work_PPP_gen[68c6a221-ee15-4bcf-95cc-e5e792c2d6f3] succeeded in 133.45910520499456s: None
[2023-06-15 01:04:58,596: INFO/MainProcess] Task flaskr.tasks.work_PPP_gen[47dcca1d-96b7-48fc-ac6b-e10687c84810] received
[2023-06-15 01:04:58,598: INFO/ForkPoolWorker-7] Fetching the PPP data from World Bank API: Started
[2023-06-15 01:04:58,598: INFO/ForkPoolWorker-7] Started Requesting the data from World Bank API Endpoint
[2023-06-15 01:05:56,907: INFO/MainProcess] Task flaskr.tasks.work_PPP_gen[32b8a914-fd1a-4338-852e-83b489b398a9] received
[2023-06-15 01:05:56,916: INFO/ForkPoolWorker-8] Fetching the PPP data from World Bank API: Started
[2023-06-15 01:05:56,916: INFO/ForkPoolWorker-8] Started Requesting the data from World Bank API Endpoint
[2023-06-15 01:06:37,954: INFO/MainProcess] Task flaskr.tasks.work_PPP_gen[8a05688d-c26f-4bd9-807b-b9e1b5f93689] received
[2023-06-15 01:06:37,965: INFO/ForkPoolWorker-1] Fetching the PPP data from World Bank API: Started
[2023-06-15 01:06:37,965: INFO/ForkPoolWorker-1] Started Requesting the data from World Bank API Endpoint
[2023-06-15 01:06:40,654: INFO/ForkPoolWorker-1] Data fetched successfully from World Bank API
[2023-06-15 01:06:40,677: INFO/ForkPoolWorker-1] Data parsed and filtered into a DataFrame
[2023-06-15 01:06:40,683: DEBUG/ForkPoolWorker-1] Top 10 data from the fetched PPP data = 
 index             Country  Date      Value
   197         Afghanistan  2021  18.456537
   201             Albania  2021  42.501873
   205             Algeria  2021  41.100028
   217              Angola  2021 204.060575
   221 Antigua and Barbuda  2021   2.028070
   225           Argentina  2021  42.720786
   229             Armenia  2021 160.460639
   233               Aruba  2021   1.230079
   236           Australia  2022   1.446332
   240             Austria  2022   0.718930
[2023-06-15 01:06:40,683: INFO/ForkPoolWorker-1] PPP data fetched, parsed and saved in data directory
[2023-06-15 01:06:40,685: INFO/ForkPoolWorker-1] Task flaskr.tasks.work_PPP_gen[8a05688d-c26f-4bd9-807b-b9e1b5f93689] succeeded in 2.7293335200010915s: None
[2023-06-15 01:07:11,683: INFO/ForkPoolWorker-7] Data fetched successfully from World Bank API
[2023-06-15 01:07:11,702: INFO/ForkPoolWorker-7] Data parsed and filtered into a DataFrame
[2023-06-15 01:07:11,705: DEBUG/ForkPoolWorker-7] Top 10 data from the fetched PPP data = 
 index             Country  Date      Value
   197         Afghanistan  2021  18.456537
   201             Albania  2021  42.501873
   205             Algeria  2021  41.100028
   217              Angola  2021 204.060575
   221 Antigua and Barbuda  2021   2.028070
   225           Argentina  2021  42.720786
   229             Armenia  2021 160.460639
   233               Aruba  2021   1.230079
   236           Australia  2022   1.446332
   240             Austria  2022   0.718930
[2023-06-15 01:07:11,706: INFO/ForkPoolWorker-7] PPP data fetched, parsed and saved in data directory
[2023-06-15 01:07:11,707: INFO/ForkPoolWorker-7] Task flaskr.tasks.work_PPP_gen[47dcca1d-96b7-48fc-ac6b-e10687c84810] succeeded in 133.10941865100176s: None
[2023-06-15 01:08:09,234: INFO/ForkPoolWorker-8] Data fetched successfully from World Bank API
[2023-06-15 01:08:09,259: INFO/ForkPoolWorker-8] Data parsed and filtered into a DataFrame
[2023-06-15 01:08:09,265: DEBUG/ForkPoolWorker-8] Top 10 data from the fetched PPP data = 
 index             Country  Date      Value
   197         Afghanistan  2021  18.456537
   201             Albania  2021  42.501873
   205             Algeria  2021  41.100028
   217              Angola  2021 204.060575
   221 Antigua and Barbuda  2021   2.028070
   225           Argentina  2021  42.720786
   229             Armenia  2021 160.460639
   233               Aruba  2021   1.230079
   236           Australia  2022   1.446332
   240             Austria  2022   0.718930
[2023-06-15 01:08:09,266: INFO/ForkPoolWorker-8] PPP data fetched, parsed and saved in data directory
[2023-06-15 01:08:09,267: INFO/ForkPoolWorker-8] Task flaskr.tasks.work_PPP_gen[32b8a914-fd1a-4338-852e-83b489b398a9] succeeded in 132.35868034199666s: None
[2023-06-15 01:09:05,058: INFO/MainProcess] Task flaskr.tasks.work_PPP_gen[6ec3cf32-238e-4d6c-b4f2-b04813e3621c] received
[2023-06-15 01:09:05,059: INFO/ForkPoolWorker-7] Fetching the PPP data from World Bank API: Started
[2023-06-15 01:09:05,059: INFO/ForkPoolWorker-7] Started Requesting the data from World Bank API Endpoint
[2023-06-15 01:09:07,569: INFO/ForkPoolWorker-7] Data fetched successfully from World Bank API
[2023-06-15 01:09:07,603: INFO/ForkPoolWorker-7] Data parsed and filtered into a DataFrame
[2023-06-15 01:09:07,607: DEBUG/ForkPoolWorker-7] Top 10 data from the fetched PPP data = 
 index             Country  Date      Value
   197         Afghanistan  2021  18.456537
   201             Albania  2021  42.501873
   205             Algeria  2021  41.100028
   217              Angola  2021 204.060575
   221 Antigua and Barbuda  2021   2.028070
   225           Argentina  2021  42.720786
   229             Armenia  2021 160.460639
   233               Aruba  2021   1.230079
   236           Australia  2022   1.446332
   240             Austria  2022   0.718930
[2023-06-15 01:09:07,607: INFO/ForkPoolWorker-7] PPP data fetched, parsed and saved in data directory
[2023-06-15 01:09:07,608: INFO/ForkPoolWorker-7] Task flaskr.tasks.work_PPP_gen[6ec3cf32-238e-4d6c-b4f2-b04813e3621c] succeeded in 2.549804137997853s: None
[2023-06-15 01:10:27,638: INFO/MainProcess] Task flaskr.tasks.work_PPP_gen[4e4c945a-0b89-4a99-b09b-f664c268f6d5] received
[2023-06-15 01:10:27,641: INFO/ForkPoolWorker-7] Fetching the PPP data from World Bank API: Started
[2023-06-15 01:10:27,641: INFO/ForkPoolWorker-7] Started Requesting the data from World Bank API Endpoint
[2023-06-15 01:12:41,214: INFO/ForkPoolWorker-7] Data fetched successfully from World Bank API
[2023-06-15 01:12:41,233: INFO/ForkPoolWorker-7] Data parsed and filtered into a DataFrame
[2023-06-15 01:12:41,236: DEBUG/ForkPoolWorker-7] Top 10 data from the fetched PPP data = 
 index             Country  Date      Value
   197         Afghanistan  2021  18.456537
   201             Albania  2021  42.501873
   205             Algeria  2021  41.100028
   217              Angola  2021 204.060575
   221 Antigua and Barbuda  2021   2.028070
   225           Argentina  2021  42.720786
   229             Armenia  2021 160.460639
   233               Aruba  2021   1.230079
   236           Australia  2022   1.446332
   240             Austria  2022   0.718930
[2023-06-15 01:12:41,236: INFO/ForkPoolWorker-7] PPP data fetched, parsed and saved in data directory
[2023-06-15 01:12:41,237: INFO/ForkPoolWorker-7] Task flaskr.tasks.work_PPP_gen[4e4c945a-0b89-4a99-b09b-f664c268f6d5] succeeded in 133.59706234899932s: None
[2023-06-15 03:18:41,972: INFO/MainProcess] Task flaskr.tasks.work_PPP_gen[886719b4-30e8-4a54-a46b-ca976eec2687] received
[2023-06-15 03:18:41,973: INFO/ForkPoolWorker-7] Fetching the PPP data from World Bank API: Started
[2023-06-15 03:18:41,974: INFO/ForkPoolWorker-7] Started Requesting the data from World Bank API Endpoint
[2023-06-15 03:18:44,149: INFO/ForkPoolWorker-7] Data fetched successfully from World Bank API
[2023-06-15 03:18:44,170: INFO/ForkPoolWorker-7] Data parsed and filtered into a DataFrame
[2023-06-15 03:18:44,174: DEBUG/ForkPoolWorker-7] Top 10 data from the fetched PPP data = 
 index             Country  Date      Value
   197         Afghanistan  2021  18.456537
   201             Albania  2021  42.501873
   205             Algeria  2021  41.100028
   217              Angola  2021 204.060575
   221 Antigua and Barbuda  2021   2.028070
   225           Argentina  2021  42.720786
   229             Armenia  2021 160.460639
   233               Aruba  2021   1.230079
   236           Australia  2022   1.446332
   240             Austria  2022   0.718930
[2023-06-15 03:18:44,174: INFO/ForkPoolWorker-7] PPP data fetched, parsed and saved in data directory
[2023-06-15 03:18:44,175: INFO/ForkPoolWorker-7] Task flaskr.tasks.work_PPP_gen[886719b4-30e8-4a54-a46b-ca976eec2687] succeeded in 2.202459804000682s: None
[2023-06-15 03:21:23,985: INFO/MainProcess] Task flaskr.tasks.work_PPP_gen[20686aa5-d997-4879-9913-3038843fc102] received
[2023-06-15 03:21:23,986: INFO/ForkPoolWorker-7] Fetching the PPP data from World Bank API: Started
[2023-06-15 03:21:23,987: INFO/ForkPoolWorker-7] Started Requesting the data from World Bank API Endpoint
[2023-06-15 03:21:26,409: INFO/ForkPoolWorker-7] Data fetched successfully from World Bank API
[2023-06-15 03:21:26,437: INFO/ForkPoolWorker-7] Data parsed and filtered into a DataFrame
[2023-06-15 03:21:26,440: DEBUG/ForkPoolWorker-7] Top 10 data from the fetched PPP data = 
 index             Country  Date      Value
   197         Afghanistan  2021  18.456537
   201             Albania  2021  42.501873
   205             Algeria  2021  41.100028
   217              Angola  2021 204.060575
   221 Antigua and Barbuda  2021   2.028070
   225           Argentina  2021  42.720786
   229             Armenia  2021 160.460639
   233               Aruba  2021   1.230079
   236           Australia  2022   1.446332
   240             Austria  2022   0.718930
[2023-06-15 03:21:26,441: INFO/ForkPoolWorker-7] PPP data fetched, parsed and saved in data directory
[2023-06-15 03:21:26,442: INFO/ForkPoolWorker-7] Task flaskr.tasks.work_PPP_gen[20686aa5-d997-4879-9913-3038843fc102] succeeded in 2.455740785000671s: None
[2023-06-15 03:24:03,226: INFO/MainProcess] Connected to amqp://guest:**@127.0.0.1:5672//
[2023-06-15 03:24:03,230: INFO/MainProcess] mingle: searching for neighbors
[2023-06-15 03:24:04,330: INFO/MainProcess] mingle: all alone
[2023-06-15 03:24:04,362: INFO/MainProcess] celery@Thunder-Drive ready.
[2023-06-15 03:24:19,186: INFO/MainProcess] Task flaskr.tasks.work_PPP_gen[1cff3c65-4854-4124-a8b7-51c817b93779] received
[2023-06-15 03:24:19,196: INFO/ForkPoolWorker-7] Fetching the PPP data from World Bank API: Started
[2023-06-15 03:24:19,197: INFO/ForkPoolWorker-7] Started Requesting the data from World Bank API Endpoint
[2023-06-15 03:24:21,590: INFO/ForkPoolWorker-7] Data fetched successfully from World Bank API
[2023-06-15 03:24:21,671: ERROR/ForkPoolWorker-7] Task flaskr.tasks.work_PPP_gen[1cff3c65-4854-4124-a8b7-51c817b93779] raised unexpected: KeyError("['index'] not found in axis")
Traceback (most recent call last):
  File "/home/vibhav/Desktop/Projects/WageScale/venv/lib/python3.8/site-packages/celery/app/trace.py", line 451, in trace_task
    R = retval = fun(*args, **kwargs)
  File "/home/vibhav/Desktop/Projects/WageScale/venv/lib/python3.8/site-packages/celery/app/trace.py", line 734, in __protected_call__
    return self.run(*args, **kwargs)
  File "/home/vibhav/Desktop/Projects/WageScale/flaskr/tasks.py", line 11, in work_PPP_gen
    serve_api.get_ppp_data()
  File "/home/vibhav/Desktop/Projects/WageScale/flaskr/api/services.py", line 130, in get_ppp_data
    self._get_ppp_data()
  File "/home/vibhav/Desktop/Projects/WageScale/flaskr/api/services.py", line 42, in _get_ppp_data
    parsed_df = parsed_df[['Country', 'Date', 'Value']].drop("index", axis=1)
  File "/home/vibhav/Desktop/Projects/WageScale/venv/lib/python3.8/site-packages/pandas/core/frame.py", line 5268, in drop
    return super().drop(
  File "/home/vibhav/Desktop/Projects/WageScale/venv/lib/python3.8/site-packages/pandas/core/generic.py", line 4549, in drop
    obj = obj._drop_axis(labels, axis, level=level, errors=errors)
  File "/home/vibhav/Desktop/Projects/WageScale/venv/lib/python3.8/site-packages/pandas/core/generic.py", line 4591, in _drop_axis
    new_axis = axis.drop(labels, errors=errors)
  File "/home/vibhav/Desktop/Projects/WageScale/venv/lib/python3.8/site-packages/pandas/core/indexes/base.py", line 6696, in drop
    raise KeyError(f"{list(labels[mask])} not found in axis")
KeyError: "['index'] not found in axis"
[2023-06-15 03:25:20,617: INFO/MainProcess] Task flaskr.tasks.work_PPP_gen[be8c6417-edd9-48db-8371-885315ded1a9] received
[2023-06-15 03:25:20,618: INFO/ForkPoolWorker-7] Fetching the PPP data from World Bank API: Started
[2023-06-15 03:25:20,618: INFO/ForkPoolWorker-7] Started Requesting the data from World Bank API Endpoint
[2023-06-15 03:25:22,880: INFO/ForkPoolWorker-7] Data fetched successfully from World Bank API
[2023-06-15 03:25:22,908: ERROR/ForkPoolWorker-7] Task flaskr.tasks.work_PPP_gen[be8c6417-edd9-48db-8371-885315ded1a9] raised unexpected: KeyError("['index'] not found in axis")
Traceback (most recent call last):
  File "/home/vibhav/Desktop/Projects/WageScale/venv/lib/python3.8/site-packages/celery/app/trace.py", line 451, in trace_task
    R = retval = fun(*args, **kwargs)
  File "/home/vibhav/Desktop/Projects/WageScale/venv/lib/python3.8/site-packages/celery/app/trace.py", line 734, in __protected_call__
    return self.run(*args, **kwargs)
  File "/home/vibhav/Desktop/Projects/WageScale/flaskr/tasks.py", line 11, in work_PPP_gen
    serve_api.get_ppp_data()
  File "/home/vibhav/Desktop/Projects/WageScale/flaskr/api/services.py", line 130, in get_ppp_data
    """
  File "/home/vibhav/Desktop/Projects/WageScale/flaskr/api/services.py", line 42, in _get_ppp_data
    parsed_df = parsed_df[['Country', 'Date', 'Value']]
  File "/home/vibhav/Desktop/Projects/WageScale/venv/lib/python3.8/site-packages/pandas/core/frame.py", line 5268, in drop
    return super().drop(
  File "/home/vibhav/Desktop/Projects/WageScale/venv/lib/python3.8/site-packages/pandas/core/generic.py", line 4549, in drop
    obj = obj._drop_axis(labels, axis, level=level, errors=errors)
  File "/home/vibhav/Desktop/Projects/WageScale/venv/lib/python3.8/site-packages/pandas/core/generic.py", line 4591, in _drop_axis
    new_axis = axis.drop(labels, errors=errors)
  File "/home/vibhav/Desktop/Projects/WageScale/venv/lib/python3.8/site-packages/pandas/core/indexes/base.py", line 6696, in drop
    raise KeyError(f"{list(labels[mask])} not found in axis")
KeyError: "['index'] not found in axis"
[2023-06-15 03:26:50,645: INFO/MainProcess] Task flaskr.tasks.work_PPP_gen[1c5d4372-5111-4f32-b864-0992956108e8] received
[2023-06-15 03:26:50,646: INFO/ForkPoolWorker-7] Fetching the PPP data from World Bank API: Started
[2023-06-15 03:26:50,646: INFO/ForkPoolWorker-7] Started Requesting the data from World Bank API Endpoint
[2023-06-15 03:26:53,500: INFO/ForkPoolWorker-7] Data fetched successfully from World Bank API
[2023-06-15 03:26:53,526: ERROR/ForkPoolWorker-7] Task flaskr.tasks.work_PPP_gen[1c5d4372-5111-4f32-b864-0992956108e8] raised unexpected: KeyError("['index'] not found in axis")
Traceback (most recent call last):
  File "/home/vibhav/Desktop/Projects/WageScale/venv/lib/python3.8/site-packages/celery/app/trace.py", line 451, in trace_task
    R = retval = fun(*args, **kwargs)
  File "/home/vibhav/Desktop/Projects/WageScale/venv/lib/python3.8/site-packages/celery/app/trace.py", line 734, in __protected_call__
    return self.run(*args, **kwargs)
  File "/home/vibhav/Desktop/Projects/WageScale/flaskr/tasks.py", line 11, in work_PPP_gen
    serve_api.get_ppp_data()
  File "/home/vibhav/Desktop/Projects/WageScale/flaskr/api/services.py", line 130, in get_ppp_data
    """
  File "/home/vibhav/Desktop/Projects/WageScale/flaskr/api/services.py", line 42, in _get_ppp_data
    parsed_df = parsed_df[['Country', 'Date', 'Value']].reset_index()
  File "/home/vibhav/Desktop/Projects/WageScale/venv/lib/python3.8/site-packages/pandas/core/frame.py", line 5268, in drop
    return super().drop(
  File "/home/vibhav/Desktop/Projects/WageScale/venv/lib/python3.8/site-packages/pandas/core/generic.py", line 4549, in drop
    obj = obj._drop_axis(labels, axis, level=level, errors=errors)
  File "/home/vibhav/Desktop/Projects/WageScale/venv/lib/python3.8/site-packages/pandas/core/generic.py", line 4591, in _drop_axis
    new_axis = axis.drop(labels, errors=errors)
  File "/home/vibhav/Desktop/Projects/WageScale/venv/lib/python3.8/site-packages/pandas/core/indexes/base.py", line 6696, in drop
    raise KeyError(f"{list(labels[mask])} not found in axis")
KeyError: "['index'] not found in axis"
[2023-06-15 03:27:32,589: INFO/MainProcess] Task flaskr.tasks.work_PPP_gen[2d92cee4-2c58-482b-a66d-a6c7632639e0] received
[2023-06-15 03:27:32,591: INFO/ForkPoolWorker-7] Fetching the PPP data from World Bank API: Started
[2023-06-15 03:27:32,591: INFO/ForkPoolWorker-7] Started Requesting the data from World Bank API Endpoint
[2023-06-15 03:27:35,394: INFO/ForkPoolWorker-7] Data fetched successfully from World Bank API
[2023-06-15 03:27:35,429: ERROR/ForkPoolWorker-7] Task flaskr.tasks.work_PPP_gen[2d92cee4-2c58-482b-a66d-a6c7632639e0] raised unexpected: KeyError("['index'] not found in axis")
Traceback (most recent call last):
  File "/home/vibhav/Desktop/Projects/WageScale/venv/lib/python3.8/site-packages/celery/app/trace.py", line 451, in trace_task
    R = retval = fun(*args, **kwargs)
  File "/home/vibhav/Desktop/Projects/WageScale/venv/lib/python3.8/site-packages/celery/app/trace.py", line 734, in __protected_call__
    return self.run(*args, **kwargs)
  File "/home/vibhav/Desktop/Projects/WageScale/flaskr/tasks.py", line 11, in work_PPP_gen
    serve_api.get_ppp_data()
  File "/home/vibhav/Desktop/Projects/WageScale/flaskr/api/services.py", line 130, in get_ppp_data
    self._get_ppp_data()
  File "/home/vibhav/Desktop/Projects/WageScale/flaskr/api/services.py", line 42, in _get_ppp_data
    parsed_df = parsed_df[['Country', 'Date', 'Value']].reset_index()
  File "/home/vibhav/Desktop/Projects/WageScale/venv/lib/python3.8/site-packages/pandas/core/frame.py", line 5268, in drop
    return super().drop(
  File "/home/vibhav/Desktop/Projects/WageScale/venv/lib/python3.8/site-packages/pandas/core/generic.py", line 4549, in drop
    obj = obj._drop_axis(labels, axis, level=level, errors=errors)
  File "/home/vibhav/Desktop/Projects/WageScale/venv/lib/python3.8/site-packages/pandas/core/generic.py", line 4591, in _drop_axis
    new_axis = axis.drop(labels, errors=errors)
  File "/home/vibhav/Desktop/Projects/WageScale/venv/lib/python3.8/site-packages/pandas/core/indexes/base.py", line 6696, in drop
    raise KeyError(f"{list(labels[mask])} not found in axis")
KeyError: "['index'] not found in axis"
[2023-06-15 03:27:49,758: INFO/MainProcess] Task flaskr.tasks.work_PPP_gen[1e3e9577-655b-4a22-84b0-7b04743e6e80] received
[2023-06-15 03:27:49,759: INFO/ForkPoolWorker-7] Fetching the PPP data from World Bank API: Started
[2023-06-15 03:27:49,760: INFO/ForkPoolWorker-7] Started Requesting the data from World Bank API Endpoint
[2023-06-15 03:27:52,221: INFO/ForkPoolWorker-7] Data fetched successfully from World Bank API
[2023-06-15 03:27:52,251: ERROR/ForkPoolWorker-7] Task flaskr.tasks.work_PPP_gen[1e3e9577-655b-4a22-84b0-7b04743e6e80] raised unexpected: KeyError("['index'] not found in axis")
Traceback (most recent call last):
  File "/home/vibhav/Desktop/Projects/WageScale/venv/lib/python3.8/site-packages/celery/app/trace.py", line 451, in trace_task
    R = retval = fun(*args, **kwargs)
  File "/home/vibhav/Desktop/Projects/WageScale/venv/lib/python3.8/site-packages/celery/app/trace.py", line 734, in __protected_call__
    return self.run(*args, **kwargs)
  File "/home/vibhav/Desktop/Projects/WageScale/flaskr/tasks.py", line 11, in work_PPP_gen
    serve_api.get_ppp_data()
  File "/home/vibhav/Desktop/Projects/WageScale/flaskr/api/services.py", line 130, in get_ppp_data
    self._get_ppp_data()
  File "/home/vibhav/Desktop/Projects/WageScale/flaskr/api/services.py", line 42, in _get_ppp_data
    parsed_df = parsed_df[['Country', 'Date', 'Value']].reset_index()
  File "/home/vibhav/Desktop/Projects/WageScale/venv/lib/python3.8/site-packages/pandas/core/frame.py", line 5268, in drop
    return super().drop(
  File "/home/vibhav/Desktop/Projects/WageScale/venv/lib/python3.8/site-packages/pandas/core/generic.py", line 4549, in drop
    obj = obj._drop_axis(labels, axis, level=level, errors=errors)
  File "/home/vibhav/Desktop/Projects/WageScale/venv/lib/python3.8/site-packages/pandas/core/generic.py", line 4591, in _drop_axis
    new_axis = axis.drop(labels, errors=errors)
  File "/home/vibhav/Desktop/Projects/WageScale/venv/lib/python3.8/site-packages/pandas/core/indexes/base.py", line 6696, in drop
    raise KeyError(f"{list(labels[mask])} not found in axis")
KeyError: "['index'] not found in axis"
[2023-06-15 03:28:46,340: INFO/MainProcess] Task flaskr.tasks.work_PPP_gen[36326d7b-8ca8-41cc-a653-2fae0691e187] received
[2023-06-15 03:28:46,341: INFO/ForkPoolWorker-7] Fetching the PPP data from World Bank API: Started
[2023-06-15 03:28:46,341: INFO/ForkPoolWorker-7] Started Requesting the data from World Bank API Endpoint
[2023-06-15 03:28:48,813: INFO/ForkPoolWorker-7] Data fetched successfully from World Bank API
[2023-06-15 03:28:48,846: ERROR/ForkPoolWorker-7] Task flaskr.tasks.work_PPP_gen[36326d7b-8ca8-41cc-a653-2fae0691e187] raised unexpected: KeyError("['index'] not found in axis")
Traceback (most recent call last):
  File "/home/vibhav/Desktop/Projects/WageScale/venv/lib/python3.8/site-packages/celery/app/trace.py", line 451, in trace_task
    R = retval = fun(*args, **kwargs)
  File "/home/vibhav/Desktop/Projects/WageScale/venv/lib/python3.8/site-packages/celery/app/trace.py", line 734, in __protected_call__
    return self.run(*args, **kwargs)
  File "/home/vibhav/Desktop/Projects/WageScale/flaskr/tasks.py", line 11, in work_PPP_gen
    serve_api.get_ppp_data()
  File "/home/vibhav/Desktop/Projects/WageScale/flaskr/api/services.py", line 130, in get_ppp_data
    self._get_ppp_data()
  File "/home/vibhav/Desktop/Projects/WageScale/flaskr/api/services.py", line 42, in _get_ppp_data
    parsed_df = parsed_df[['Country', 'Date', 'Value']]
  File "/home/vibhav/Desktop/Projects/WageScale/venv/lib/python3.8/site-packages/pandas/core/frame.py", line 5268, in drop
    return super().drop(
  File "/home/vibhav/Desktop/Projects/WageScale/venv/lib/python3.8/site-packages/pandas/core/generic.py", line 4549, in drop
    obj = obj._drop_axis(labels, axis, level=level, errors=errors)
  File "/home/vibhav/Desktop/Projects/WageScale/venv/lib/python3.8/site-packages/pandas/core/generic.py", line 4591, in _drop_axis
    new_axis = axis.drop(labels, errors=errors)
  File "/home/vibhav/Desktop/Projects/WageScale/venv/lib/python3.8/site-packages/pandas/core/indexes/base.py", line 6696, in drop
    raise KeyError(f"{list(labels[mask])} not found in axis")
KeyError: "['index'] not found in axis"
[2023-06-15 03:29:10,456: INFO/MainProcess] Task flaskr.tasks.work_PPP_gen[cdc5725d-30e0-4937-9efa-a985836608d9] received
[2023-06-15 03:29:10,458: INFO/ForkPoolWorker-7] Fetching the PPP data from World Bank API: Started
[2023-06-15 03:29:10,458: INFO/ForkPoolWorker-7] Started Requesting the data from World Bank API Endpoint
[2023-06-15 03:29:13,182: INFO/ForkPoolWorker-7] Data fetched successfully from World Bank API
[2023-06-15 03:29:13,219: ERROR/ForkPoolWorker-7] Task flaskr.tasks.work_PPP_gen[cdc5725d-30e0-4937-9efa-a985836608d9] raised unexpected: KeyError("['index'] not found in axis")
Traceback (most recent call last):
  File "/home/vibhav/Desktop/Projects/WageScale/venv/lib/python3.8/site-packages/celery/app/trace.py", line 451, in trace_task
    R = retval = fun(*args, **kwargs)
  File "/home/vibhav/Desktop/Projects/WageScale/venv/lib/python3.8/site-packages/celery/app/trace.py", line 734, in __protected_call__
    return self.run(*args, **kwargs)
  File "/home/vibhav/Desktop/Projects/WageScale/flaskr/tasks.py", line 11, in work_PPP_gen
    serve_api.get_ppp_data()
  File "/home/vibhav/Desktop/Projects/WageScale/flaskr/api/services.py", line 130, in get_ppp_data
    self._get_ppp_data()
  File "/home/vibhav/Desktop/Projects/WageScale/flaskr/api/services.py", line 42, in _get_ppp_data
    parsed_df = parsed_df[['Country', 'Date', 'Value']]
  File "/home/vibhav/Desktop/Projects/WageScale/venv/lib/python3.8/site-packages/pandas/core/frame.py", line 5268, in drop
    return super().drop(
  File "/home/vibhav/Desktop/Projects/WageScale/venv/lib/python3.8/site-packages/pandas/core/generic.py", line 4549, in drop
    obj = obj._drop_axis(labels, axis, level=level, errors=errors)
  File "/home/vibhav/Desktop/Projects/WageScale/venv/lib/python3.8/site-packages/pandas/core/generic.py", line 4591, in _drop_axis
    new_axis = axis.drop(labels, errors=errors)
  File "/home/vibhav/Desktop/Projects/WageScale/venv/lib/python3.8/site-packages/pandas/core/indexes/base.py", line 6696, in drop
    raise KeyError(f"{list(labels[mask])} not found in axis")
KeyError: "['index'] not found in axis"
[2023-06-15 03:29:35,008: INFO/MainProcess] Connected to amqp://guest:**@127.0.0.1:5672//
[2023-06-15 03:29:35,012: INFO/MainProcess] mingle: searching for neighbors
[2023-06-15 03:29:36,147: INFO/MainProcess] mingle: all alone
[2023-06-15 03:29:36,165: INFO/MainProcess] celery@Thunder-Drive ready.
[2023-06-15 03:29:46,106: INFO/MainProcess] Task flaskr.tasks.work_PPP_gen[4fe8c97d-3dac-4ce7-a310-e9cccd37463d] received
[2023-06-15 03:29:46,115: INFO/ForkPoolWorker-7] Fetching the PPP data from World Bank API: Started
[2023-06-15 03:29:46,116: INFO/ForkPoolWorker-7] Started Requesting the data from World Bank API Endpoint
[2023-06-15 03:29:48,717: INFO/ForkPoolWorker-7] Data fetched successfully from World Bank API
[2023-06-15 03:29:48,753: INFO/ForkPoolWorker-7] Data parsed and filtered into a DataFrame
[2023-06-15 03:29:48,759: DEBUG/ForkPoolWorker-7] Top 10 data from the fetched PPP data = 
            Country  Date      Value
        Afghanistan  2021  18.456537
            Albania  2021  42.501873
            Algeria  2021  41.100028
             Angola  2021 204.060575
Antigua and Barbuda  2021   2.028070
          Argentina  2021  42.720786
            Armenia  2021 160.460639
              Aruba  2021   1.230079
          Australia  2022   1.446332
            Austria  2022   0.718930
[2023-06-15 03:29:48,760: INFO/ForkPoolWorker-7] PPP data fetched, parsed and saved in data directory
[2023-06-15 03:29:48,761: INFO/ForkPoolWorker-7] Task flaskr.tasks.work_PPP_gen[4fe8c97d-3dac-4ce7-a310-e9cccd37463d] succeeded in 2.653220540996699s: None
[2023-06-15 03:37:19,288: INFO/MainProcess] Connected to amqp://guest:**@127.0.0.1:5672//
[2023-06-15 03:37:19,292: INFO/MainProcess] mingle: searching for neighbors
[2023-06-15 03:37:20,454: INFO/MainProcess] mingle: all alone
[2023-06-15 03:37:20,470: INFO/MainProcess] celery@Thunder-Drive ready.
[2023-06-15 03:37:36,466: INFO/MainProcess] Task flaskr.tasks.work_PPP_gen[f9234c5a-2927-43bd-90bd-556b92d2ea42] received
[2023-06-15 03:37:36,475: INFO/ForkPoolWorker-7] Fetching the PPP data from World Bank API: Started
[2023-06-15 03:37:36,475: INFO/ForkPoolWorker-7] Started Requesting the data from World Bank API Endpoint
[2023-06-15 03:37:39,253: INFO/ForkPoolWorker-7] Data fetched successfully from World Bank API
[2023-06-15 03:37:39,319: INFO/ForkPoolWorker-7] Data parsed and filtered into a DataFrame
[2023-06-15 03:37:39,334: DEBUG/ForkPoolWorker-7] Top 10 data from the fetched PPP data = 
            Country  Date      Value
        Afghanistan  2021  18.456537
            Albania  2021  42.501873
            Algeria  2021  41.100028
             Angola  2021 204.060575
Antigua and Barbuda  2021   2.028070
          Argentina  2021  42.720786
            Armenia  2021 160.460639
              Aruba  2021   1.230079
          Australia  2022   1.446332
            Austria  2022   0.718930
[2023-06-15 03:37:39,334: INFO/ForkPoolWorker-7] PPP data fetched, parsed and saved in data directory
[2023-06-15 03:37:39,337: INFO/ForkPoolWorker-7] Task flaskr.tasks.work_PPP_gen[f9234c5a-2927-43bd-90bd-556b92d2ea42] succeeded in 2.8692532639979618s: None
[2023-06-15 03:38:57,084: INFO/MainProcess] Task flaskr.tasks.work_PPP_gen[1e348e29-85d0-4a45-b5e6-24585956171c] received
[2023-06-15 03:38:57,086: INFO/ForkPoolWorker-7] Fetching the PPP data from World Bank API: Started
[2023-06-15 03:38:57,086: INFO/ForkPoolWorker-7] Started Requesting the data from World Bank API Endpoint
[2023-06-15 03:38:59,731: INFO/ForkPoolWorker-7] Data fetched successfully from World Bank API
[2023-06-15 03:38:59,754: INFO/ForkPoolWorker-7] Data parsed and filtered into a DataFrame
[2023-06-15 03:38:59,757: DEBUG/ForkPoolWorker-7] Top 10 data from the fetched PPP data = 
            Country  Date      Value
        Afghanistan  2021  18.456537
            Albania  2021  42.501873
            Algeria  2021  41.100028
             Angola  2021 204.060575
Antigua and Barbuda  2021   2.028070
          Argentina  2021  42.720786
            Armenia  2021 160.460639
              Aruba  2021   1.230079
          Australia  2022   1.446332
            Austria  2022   0.718930
[2023-06-15 03:38:59,758: INFO/ForkPoolWorker-7] PPP data fetched, parsed and saved in data directory
[2023-06-15 03:38:59,759: INFO/ForkPoolWorker-7] Task flaskr.tasks.work_PPP_gen[1e348e29-85d0-4a45-b5e6-24585956171c] succeeded in 2.6733495139997103s: None
[2023-06-15 03:40:25,333: INFO/MainProcess] Task flaskr.tasks.work_PPP_gen[f204563f-5e58-48a2-b468-5efe6f31c2ab] received
[2023-06-15 03:40:25,335: INFO/ForkPoolWorker-7] Fetching the PPP data from World Bank API: Started
[2023-06-15 03:40:25,335: INFO/ForkPoolWorker-7] Started Requesting the data from World Bank API Endpoint
[2023-06-15 03:40:27,699: INFO/ForkPoolWorker-7] Data fetched successfully from World Bank API
[2023-06-15 03:40:27,732: INFO/ForkPoolWorker-7] Data parsed and filtered into a DataFrame
[2023-06-15 03:40:27,737: DEBUG/ForkPoolWorker-7] Top 10 data from the fetched PPP data = 
            Country  Date      Value
        Afghanistan  2021  18.456537
            Albania  2021  42.501873
            Algeria  2021  41.100028
             Angola  2021 204.060575
Antigua and Barbuda  2021   2.028070
          Argentina  2021  42.720786
            Armenia  2021 160.460639
              Aruba  2021   1.230079
          Australia  2022   1.446332
            Austria  2022   0.718930
[2023-06-15 03:40:27,737: INFO/ForkPoolWorker-7] PPP data fetched, parsed and saved in data directory
[2023-06-15 03:40:27,739: INFO/ForkPoolWorker-7] Task flaskr.tasks.work_PPP_gen[f204563f-5e58-48a2-b468-5efe6f31c2ab] succeeded in 2.4042638539976906s: None
[2023-06-15 03:41:46,432: INFO/MainProcess] Task flaskr.tasks.work_PPP_gen[97df36a8-8fb0-4602-981e-9bc34fa10b39] received
[2023-06-15 03:41:46,434: INFO/ForkPoolWorker-7] Fetching the PPP data from World Bank API: Started
[2023-06-15 03:41:46,434: INFO/ForkPoolWorker-7] Started Requesting the data from World Bank API Endpoint
[2023-06-15 03:41:49,312: INFO/ForkPoolWorker-7] Data fetched successfully from World Bank API
[2023-06-15 03:41:49,350: INFO/ForkPoolWorker-7] Data parsed and filtered into a DataFrame
[2023-06-15 03:41:49,355: DEBUG/ForkPoolWorker-7] Top 10 data from the fetched PPP data = 
            Country  Date      Value
        Afghanistan  2021  18.456537
            Albania  2021  42.501873
            Algeria  2021  41.100028
             Angola  2021 204.060575
Antigua and Barbuda  2021   2.028070
          Argentina  2021  42.720786
            Armenia  2021 160.460639
              Aruba  2021   1.230079
          Australia  2022   1.446332
            Austria  2022   0.718930
[2023-06-15 03:41:49,355: INFO/ForkPoolWorker-7] PPP data fetched, parsed and saved in data directory
[2023-06-15 03:41:49,356: INFO/ForkPoolWorker-7] Task flaskr.tasks.work_PPP_gen[97df36a8-8fb0-4602-981e-9bc34fa10b39] succeeded in 2.9229017309990013s: None
[2023-06-15 03:42:20,053: INFO/MainProcess] Task flaskr.tasks.work_PPP_gen[4e339618-381d-4eec-93eb-a51beb05b126] received
[2023-06-15 03:42:20,054: INFO/ForkPoolWorker-7] Fetching the PPP data from World Bank API: Started
[2023-06-15 03:42:20,054: INFO/ForkPoolWorker-7] Started Requesting the data from World Bank API Endpoint
[2023-06-15 03:42:59,507: INFO/MainProcess] Task flaskr.tasks.work_PPP_gen[b042a675-fc86-4f5a-bcba-f78fc5ca3eeb] received
[2023-06-15 03:42:59,517: INFO/ForkPoolWorker-8] Fetching the PPP data from World Bank API: Started
[2023-06-15 03:42:59,517: INFO/ForkPoolWorker-8] Started Requesting the data from World Bank API Endpoint
[2023-06-15 03:43:02,318: INFO/ForkPoolWorker-8] Data fetched successfully from World Bank API
[2023-06-15 03:43:02,350: INFO/ForkPoolWorker-8] Data parsed and filtered into a DataFrame
[2023-06-15 03:43:02,358: DEBUG/ForkPoolWorker-8] Top 10 data from the fetched PPP data = 
            Country  Date      Value
        Afghanistan  2021  18.456537
            Albania  2021  42.501873
            Algeria  2021  41.100028
             Angola  2021 204.060575
Antigua and Barbuda  2021   2.028070
          Argentina  2021  42.720786
            Armenia  2021 160.460639
              Aruba  2021   1.230079
          Australia  2022   1.446332
            Austria  2022   0.718930
[2023-06-15 03:43:02,359: INFO/ForkPoolWorker-8] PPP data fetched, parsed and saved in data directory
[2023-06-15 03:43:02,361: INFO/ForkPoolWorker-8] Task flaskr.tasks.work_PPP_gen[b042a675-fc86-4f5a-bcba-f78fc5ca3eeb] succeeded in 2.8521589010051684s: None
[2023-06-15 03:43:42,397: INFO/MainProcess] Task flaskr.tasks.work_PPP_gen[cd510620-f48c-4a3e-8e4e-a494915d65bc] received
[2023-06-15 03:43:42,399: INFO/ForkPoolWorker-8] Fetching the PPP data from World Bank API: Started
[2023-06-15 03:43:42,399: INFO/ForkPoolWorker-8] Started Requesting the data from World Bank API Endpoint
[2023-06-15 03:43:45,505: INFO/ForkPoolWorker-8] Data fetched successfully from World Bank API
[2023-06-15 03:43:45,530: INFO/ForkPoolWorker-8] Data parsed and filtered into a DataFrame
[2023-06-15 03:43:45,534: DEBUG/ForkPoolWorker-8] Top 10 data from the fetched PPP data = 
            Country  Date      Value
        Afghanistan  2021  18.456537
            Albania  2021  42.501873
            Algeria  2021  41.100028
             Angola  2021 204.060575
Antigua and Barbuda  2021   2.028070
          Argentina  2021  42.720786
            Armenia  2021 160.460639
              Aruba  2021   1.230079
          Australia  2022   1.446332
            Austria  2022   0.718930
[2023-06-15 03:43:45,534: INFO/ForkPoolWorker-8] PPP data fetched, parsed and saved in data directory
[2023-06-15 03:43:45,537: INFO/ForkPoolWorker-8] Task flaskr.tasks.work_PPP_gen[cd510620-f48c-4a3e-8e4e-a494915d65bc] succeeded in 3.1386953280016314s: None
[2023-06-15 03:44:32,749: INFO/ForkPoolWorker-7] Data fetched successfully from World Bank API
[2023-06-15 03:44:32,782: INFO/ForkPoolWorker-7] Data parsed and filtered into a DataFrame
[2023-06-15 03:44:32,785: DEBUG/ForkPoolWorker-7] Top 10 data from the fetched PPP data = 
            Country  Date      Value
        Afghanistan  2021  18.456537
            Albania  2021  42.501873
            Algeria  2021  41.100028
             Angola  2021 204.060575
Antigua and Barbuda  2021   2.028070
          Argentina  2021  42.720786
            Armenia  2021 160.460639
              Aruba  2021   1.230079
          Australia  2022   1.446332
            Austria  2022   0.718930
[2023-06-15 03:44:32,785: INFO/ForkPoolWorker-7] PPP data fetched, parsed and saved in data directory
[2023-06-15 03:44:32,786: INFO/ForkPoolWorker-7] Task flaskr.tasks.work_PPP_gen[4e339618-381d-4eec-93eb-a51beb05b126] succeeded in 132.73275938400184s: None
[2023-06-15 03:45:16,265: INFO/MainProcess] Task flaskr.tasks.work_PPP_gen[01b6e852-7509-4415-8fe8-56cbcb3378bc] received
[2023-06-15 03:45:16,266: INFO/ForkPoolWorker-7] Fetching the PPP data from World Bank API: Started
[2023-06-15 03:45:16,266: INFO/ForkPoolWorker-7] Started Requesting the data from World Bank API Endpoint
[2023-06-15 03:45:19,243: INFO/ForkPoolWorker-7] Data fetched successfully from World Bank API
[2023-06-15 03:45:19,290: INFO/ForkPoolWorker-7] Data parsed and filtered into a DataFrame
[2023-06-15 03:45:19,294: DEBUG/ForkPoolWorker-7] Top 10 data from the fetched PPP data = 
            Country  Date      Value
        Afghanistan  2021  18.456537
            Albania  2021  42.501873
            Algeria  2021  41.100028
             Angola  2021 204.060575
Antigua and Barbuda  2021   2.028070
          Argentina  2021  42.720786
            Armenia  2021 160.460639
              Aruba  2021   1.230079
          Australia  2022   1.446332
            Austria  2022   0.718930
[2023-06-15 03:45:19,294: INFO/ForkPoolWorker-7] PPP data fetched, parsed and saved in data directory
[2023-06-15 03:45:19,295: INFO/ForkPoolWorker-7] Task flaskr.tasks.work_PPP_gen[01b6e852-7509-4415-8fe8-56cbcb3378bc] succeeded in 3.0295042189973174s: None
[2023-06-15 03:46:35,587: INFO/MainProcess] Task flaskr.tasks.work_PPP_gen[691478fd-3aed-4bf8-a54e-bc6cb2e9f4ff] received
[2023-06-15 03:46:35,589: INFO/ForkPoolWorker-7] Fetching the PPP data from World Bank API: Started
[2023-06-15 03:46:35,589: INFO/ForkPoolWorker-7] Started Requesting the data from World Bank API Endpoint
[2023-06-15 03:46:38,385: INFO/ForkPoolWorker-7] Data fetched successfully from World Bank API
[2023-06-15 03:46:38,409: INFO/ForkPoolWorker-7] Data parsed and filtered into a DataFrame
[2023-06-15 03:46:38,413: DEBUG/ForkPoolWorker-7] Top 10 data from the fetched PPP data = 
            Country  Date      Value
        Afghanistan  2021  18.456537
            Albania  2021  42.501873
            Algeria  2021  41.100028
             Angola  2021 204.060575
Antigua and Barbuda  2021   2.028070
          Argentina  2021  42.720786
            Armenia  2021 160.460639
              Aruba  2021   1.230079
          Australia  2022   1.446332
            Austria  2022   0.718930
[2023-06-15 03:46:38,413: INFO/ForkPoolWorker-7] PPP data fetched, parsed and saved in data directory
[2023-06-15 03:46:38,415: INFO/ForkPoolWorker-7] Task flaskr.tasks.work_PPP_gen[691478fd-3aed-4bf8-a54e-bc6cb2e9f4ff] succeeded in 2.8263131659987266s: None
[2023-06-15 03:48:22,191: INFO/MainProcess] Task flaskr.tasks.work_PPP_gen[1e1ea7d4-f352-4556-bc01-b2113c6119b2] received
[2023-06-15 03:48:22,192: INFO/ForkPoolWorker-7] Fetching the PPP data from World Bank API: Started
[2023-06-15 03:48:22,193: INFO/ForkPoolWorker-7] Started Requesting the data from World Bank API Endpoint
[2023-06-15 03:48:24,783: INFO/ForkPoolWorker-7] Data fetched successfully from World Bank API
[2023-06-15 03:48:24,812: INFO/ForkPoolWorker-7] Data parsed and filtered into a DataFrame
[2023-06-15 03:48:24,818: DEBUG/ForkPoolWorker-7] Top 10 data from the fetched PPP data = 
            Country  Date      Value
        Afghanistan  2021  18.456537
            Albania  2021  42.501873
            Algeria  2021  41.100028
             Angola  2021 204.060575
Antigua and Barbuda  2021   2.028070
          Argentina  2021  42.720786
            Armenia  2021 160.460639
              Aruba  2021   1.230079
          Australia  2022   1.446332
            Austria  2022   0.718930
[2023-06-15 03:48:24,818: INFO/ForkPoolWorker-7] PPP data fetched, parsed and saved in data directory
[2023-06-15 03:48:24,819: INFO/ForkPoolWorker-7] Task flaskr.tasks.work_PPP_gen[1e1ea7d4-f352-4556-bc01-b2113c6119b2] succeeded in 2.6274394979991484s: None
